<?xml version="1.0" encoding="UTF-8"?>
<!-- Generated by org.testng.reporters.JUnitXMLReporter -->
<testsuite ignored="0" hostname="Logueswar" failures="1" tests="4" name=" Linux Chrome Test" time="50.525" errors="0" timestamp="2025-08-24T09:59:45 IST">
  <testcase classname="testCases.TC01_ProductsPageVerification" name="verifyproductspage" time="0.635"/>
  <testcase classname="testCases.TC03_ButtonPageVerification" name="verifybuttonpage" time="0.821"/>
  <testcase classname="testCases.TC04_SelectPageVerification" name="verifydropdownactions" time="15.621">
    <failure type="java.lang.AssertionError" message="expected [true] but found [false]">
      <![CDATA[java.lang.AssertionError: expected [true] but found [false]
at testCases.TC04_SelectPageVerification.verifydropdownactions(TC04_SelectPageVerification.java:37)
at java.base/java.util.ArrayList.forEach(ArrayList.java:1596)
... Removed 29 stack frames]]>
    </failure>
  </testcase> <!-- verifydropdownactions -->
  <testcase classname="testCases.TC05_TabsPageVerification" name="verifytabspage" time="1.803"/>
</testsuite> <!--  Linux Chrome Test -->
